[2020-02-15 10:03:37.863] [exthost] [info] extension host started
[2020-02-15 10:03:37.882] [exthost] [info] ExtensionService#_doActivateExtension vscode.debug-auto-launch {"startup":true,"extensionId":{"value":"vscode.debug-auto-launch","_lower":"vscode.debug-auto-launch"},"activationEvent":"*"}
[2020-02-15 10:03:37.883] [exthost] [info] ExtensionService#loadCommonJSModule file:///c:/portable/vsc/resources/app/extensions/debug-auto-launch/dist/extension
[2020-02-15 10:03:37.915] [exthost] [info] ExtensionService#_doActivateExtension vscode.emmet {"startup":true,"extensionId":{"value":"vscode.emmet","_lower":"vscode.emmet"},"activationEvent":"*"}
[2020-02-15 10:03:37.916] [exthost] [info] ExtensionService#loadCommonJSModule file:///c:/portable/vsc/resources/app/extensions/emmet/dist/extension
[2020-02-15 10:03:38.017] [exthost] [info] ExtensionService#_doActivateExtension vscode.git {"startup":true,"extensionId":{"value":"vscode.git","_lower":"vscode.git"},"activationEvent":"*"}
[2020-02-15 10:03:38.017] [exthost] [info] ExtensionService#loadCommonJSModule file:///c:/portable/vsc/resources/app/extensions/git/dist/main
[2020-02-15 10:03:38.107] [exthost] [info] ExtensionService#_doActivateExtension vscode.merge-conflict {"startup":true,"extensionId":{"value":"vscode.merge-conflict","_lower":"vscode.merge-conflict"},"activationEvent":"*"}
[2020-02-15 10:03:38.107] [exthost] [info] ExtensionService#loadCommonJSModule file:///c:/portable/vsc/resources/app/extensions/merge-conflict/dist/extension
[2020-02-15 10:03:38.114] [exthost] [info] ExtensionService#_doActivateExtension vscode.search-result {"startup":true,"extensionId":{"value":"vscode.search-result","_lower":"vscode.search-result"},"activationEvent":"*"}
[2020-02-15 10:03:38.114] [exthost] [info] ExtensionService#loadCommonJSModule file:///c:/portable/vsc/resources/app/extensions/search-result/dist/extension.js
[2020-02-15 10:03:38.118] [exthost] [info] ExtensionService#_doActivateExtension vscode.vscode-account {"startup":true,"extensionId":{"value":"vscode.vscode-account","_lower":"vscode.vscode-account"},"activationEvent":"*"}
[2020-02-15 10:03:38.118] [exthost] [info] ExtensionService#loadCommonJSModule file:///c:/portable/vsc/resources/app/extensions/vscode-account/dist/extension.js
[2020-02-15 10:03:38.138] [exthost] [info] eager extensions activated
[2020-02-15 10:04:15.272] [exthost] [info] ExtensionService#_doActivateExtension vscode.configuration-editing {"startup":false,"extensionId":{"value":"vscode.configuration-editing","_lower":"vscode.configuration-editing"},"activationEvent":"onLanguage:json"}
[2020-02-15 10:04:15.273] [exthost] [info] ExtensionService#loadCommonJSModule file:///c:/portable/vsc/resources/app/extensions/configuration-editing/dist/extension
[2020-02-15 10:04:15.326] [exthost] [info] ExtensionService#_doActivateExtension vscode.extension-editing {"startup":false,"extensionId":{"value":"vscode.extension-editing","_lower":"vscode.extension-editing"},"activationEvent":"onLanguage:json"}
[2020-02-15 10:04:15.326] [exthost] [info] ExtensionService#loadCommonJSModule file:///c:/portable/vsc/resources/app/extensions/extension-editing/dist/extension
[2020-02-15 10:04:15.482] [exthost] [info] ExtensionService#_doActivateExtension vscode.json-language-features {"startup":false,"extensionId":{"value":"vscode.json-language-features","_lower":"vscode.json-language-features"},"activationEvent":"onLanguage:json"}
[2020-02-15 10:04:15.482] [exthost] [info] ExtensionService#loadCommonJSModule file:///c:/portable/vsc/resources/app/extensions/json-language-features/client/dist/jsonMain
[2020-02-15 10:04:15.700] [exthost] [info] ExtensionService#_doActivateExtension vscode.npm {"startup":false,"extensionId":{"value":"vscode.npm","_lower":"vscode.npm"},"activationEvent":"onLanguage:json"}
[2020-02-15 10:04:15.700] [exthost] [info] ExtensionService#loadCommonJSModule file:///c:/portable/vsc/resources/app/extensions/npm/dist/main
[2020-02-15 10:04:39.653] [exthost] [info] ExtensionService#_doActivateExtension felixfbecker.php-intellisense {"startup":false,"extensionId":{"value":"felixfbecker.php-intellisense","_lower":"felixfbecker.php-intellisense"},"activationEvent":"workspaceContains:**/*.php"}
[2020-02-15 10:04:39.653] [exthost] [info] ExtensionService#loadCommonJSModule file:///c:/portable/vsc/data/extensions/felixfbecker.php-intellisense-2.3.14/out/extension
