[2020-02-15 10:16:23.773] [exthost] [info] extension host started
[2020-02-15 10:16:23.792] [exthost] [info] ExtensionService#_doActivateExtension vscode.debug-auto-launch {"startup":true,"extensionId":{"value":"vscode.debug-auto-launch","_lower":"vscode.debug-auto-launch"},"activationEvent":"*"}
[2020-02-15 10:16:23.793] [exthost] [info] ExtensionService#loadCommonJSModule file:///c:/portable/vsc/resources/app/extensions/debug-auto-launch/dist/extension
[2020-02-15 10:16:23.796] [exthost] [info] ExtensionService#_doActivateExtension vscode.emmet {"startup":true,"extensionId":{"value":"vscode.emmet","_lower":"vscode.emmet"},"activationEvent":"*"}
[2020-02-15 10:16:23.796] [exthost] [info] ExtensionService#loadCommonJSModule file:///c:/portable/vsc/resources/app/extensions/emmet/dist/extension
[2020-02-15 10:16:23.807] [exthost] [info] ExtensionService#_doActivateExtension vscode.git {"startup":true,"extensionId":{"value":"vscode.git","_lower":"vscode.git"},"activationEvent":"*"}
[2020-02-15 10:16:23.807] [exthost] [info] ExtensionService#loadCommonJSModule file:///c:/portable/vsc/resources/app/extensions/git/dist/main
[2020-02-15 10:16:23.825] [exthost] [info] ExtensionService#_doActivateExtension vscode.merge-conflict {"startup":true,"extensionId":{"value":"vscode.merge-conflict","_lower":"vscode.merge-conflict"},"activationEvent":"*"}
[2020-02-15 10:16:23.825] [exthost] [info] ExtensionService#loadCommonJSModule file:///c:/portable/vsc/resources/app/extensions/merge-conflict/dist/extension
[2020-02-15 10:16:23.827] [exthost] [info] ExtensionService#_doActivateExtension vscode.search-result {"startup":true,"extensionId":{"value":"vscode.search-result","_lower":"vscode.search-result"},"activationEvent":"*"}
[2020-02-15 10:16:23.827] [exthost] [info] ExtensionService#loadCommonJSModule file:///c:/portable/vsc/resources/app/extensions/search-result/dist/extension.js
[2020-02-15 10:16:23.829] [exthost] [info] ExtensionService#_doActivateExtension vscode.vscode-account {"startup":true,"extensionId":{"value":"vscode.vscode-account","_lower":"vscode.vscode-account"},"activationEvent":"*"}
[2020-02-15 10:16:23.829] [exthost] [info] ExtensionService#loadCommonJSModule file:///c:/portable/vsc/resources/app/extensions/vscode-account/dist/extension.js
[2020-02-15 10:16:23.831] [exthost] [info] eager extensions activated
[2020-02-15 10:16:35.308] [exthost] [info] extension host started
[2020-02-15 10:16:35.327] [exthost] [info] ExtensionService#_doActivateExtension vscode.debug-auto-launch {"startup":true,"extensionId":{"value":"vscode.debug-auto-launch","_lower":"vscode.debug-auto-launch"},"activationEvent":"*"}
[2020-02-15 10:16:35.327] [exthost] [info] ExtensionService#loadCommonJSModule file:///c:/portable/vsc/resources/app/extensions/debug-auto-launch/dist/extension
[2020-02-15 10:16:35.331] [exthost] [info] ExtensionService#_doActivateExtension vscode.emmet {"startup":true,"extensionId":{"value":"vscode.emmet","_lower":"vscode.emmet"},"activationEvent":"*"}
[2020-02-15 10:16:35.331] [exthost] [info] ExtensionService#loadCommonJSModule file:///c:/portable/vsc/resources/app/extensions/emmet/dist/extension
[2020-02-15 10:16:35.343] [exthost] [info] ExtensionService#_doActivateExtension vscode.git {"startup":true,"extensionId":{"value":"vscode.git","_lower":"vscode.git"},"activationEvent":"*"}
[2020-02-15 10:16:35.343] [exthost] [info] ExtensionService#loadCommonJSModule file:///c:/portable/vsc/resources/app/extensions/git/dist/main
[2020-02-15 10:16:35.367] [exthost] [info] ExtensionService#_doActivateExtension vscode.merge-conflict {"startup":true,"extensionId":{"value":"vscode.merge-conflict","_lower":"vscode.merge-conflict"},"activationEvent":"*"}
[2020-02-15 10:16:35.367] [exthost] [info] ExtensionService#loadCommonJSModule file:///c:/portable/vsc/resources/app/extensions/merge-conflict/dist/extension
[2020-02-15 10:16:35.371] [exthost] [info] ExtensionService#_doActivateExtension vscode.search-result {"startup":true,"extensionId":{"value":"vscode.search-result","_lower":"vscode.search-result"},"activationEvent":"*"}
[2020-02-15 10:16:35.371] [exthost] [info] ExtensionService#loadCommonJSModule file:///c:/portable/vsc/resources/app/extensions/search-result/dist/extension.js
[2020-02-15 10:16:35.372] [exthost] [info] ExtensionService#_doActivateExtension vscode.vscode-account {"startup":true,"extensionId":{"value":"vscode.vscode-account","_lower":"vscode.vscode-account"},"activationEvent":"*"}
[2020-02-15 10:16:35.373] [exthost] [info] ExtensionService#loadCommonJSModule file:///c:/portable/vsc/resources/app/extensions/vscode-account/dist/extension.js
[2020-02-15 10:16:35.897] [exthost] [info] ExtensionService#_doActivateExtension felixfbecker.php-intellisense {"startup":true,"extensionId":{"value":"felixfbecker.php-intellisense","_lower":"felixfbecker.php-intellisense"},"activationEvent":"workspaceContains:**/*.php"}
[2020-02-15 10:16:35.897] [exthost] [info] ExtensionService#loadCommonJSModule file:///c:/portable/vsc/data/extensions/felixfbecker.php-intellisense-2.3.14/out/extension
[2020-02-15 10:16:36.139] [exthost] [info] eager extensions activated
[2020-02-15 10:16:46.892] [exthost] [info] extension host started
[2020-02-15 10:16:46.924] [exthost] [info] ExtensionService#_doActivateExtension vscode.debug-auto-launch {"startup":true,"extensionId":{"value":"vscode.debug-auto-launch","_lower":"vscode.debug-auto-launch"},"activationEvent":"*"}
[2020-02-15 10:16:46.924] [exthost] [info] ExtensionService#loadCommonJSModule file:///c:/portable/vsc/resources/app/extensions/debug-auto-launch/dist/extension
[2020-02-15 10:16:46.927] [exthost] [info] ExtensionService#_doActivateExtension vscode.emmet {"startup":true,"extensionId":{"value":"vscode.emmet","_lower":"vscode.emmet"},"activationEvent":"*"}
[2020-02-15 10:16:46.927] [exthost] [info] ExtensionService#loadCommonJSModule file:///c:/portable/vsc/resources/app/extensions/emmet/dist/extension
[2020-02-15 10:16:46.937] [exthost] [info] ExtensionService#_doActivateExtension vscode.git {"startup":true,"extensionId":{"value":"vscode.git","_lower":"vscode.git"},"activationEvent":"*"}
[2020-02-15 10:16:46.938] [exthost] [info] ExtensionService#loadCommonJSModule file:///c:/portable/vsc/resources/app/extensions/git/dist/main
[2020-02-15 10:16:46.956] [exthost] [info] ExtensionService#_doActivateExtension vscode.merge-conflict {"startup":true,"extensionId":{"value":"vscode.merge-conflict","_lower":"vscode.merge-conflict"},"activationEvent":"*"}
[2020-02-15 10:16:46.957] [exthost] [info] ExtensionService#loadCommonJSModule file:///c:/portable/vsc/resources/app/extensions/merge-conflict/dist/extension
[2020-02-15 10:16:46.959] [exthost] [info] ExtensionService#_doActivateExtension vscode.search-result {"startup":true,"extensionId":{"value":"vscode.search-result","_lower":"vscode.search-result"},"activationEvent":"*"}
[2020-02-15 10:16:46.959] [exthost] [info] ExtensionService#loadCommonJSModule file:///c:/portable/vsc/resources/app/extensions/search-result/dist/extension.js
[2020-02-15 10:16:46.960] [exthost] [info] ExtensionService#_doActivateExtension vscode.vscode-account {"startup":true,"extensionId":{"value":"vscode.vscode-account","_lower":"vscode.vscode-account"},"activationEvent":"*"}
[2020-02-15 10:16:46.960] [exthost] [info] ExtensionService#loadCommonJSModule file:///c:/portable/vsc/resources/app/extensions/vscode-account/dist/extension.js
[2020-02-15 10:16:47.313] [exthost] [info] ExtensionService#_doActivateExtension felixfbecker.php-intellisense {"startup":true,"extensionId":{"value":"felixfbecker.php-intellisense","_lower":"felixfbecker.php-intellisense"},"activationEvent":"workspaceContains:**/*.php"}
[2020-02-15 10:16:47.313] [exthost] [info] ExtensionService#loadCommonJSModule file:///c:/portable/vsc/data/extensions/felixfbecker.php-intellisense-2.3.14/out/extension
[2020-02-15 10:16:47.532] [exthost] [info] eager extensions activated
[2020-02-15 10:16:53.891] [exthost] [info] ExtensionService#_doActivateExtension vscode.php-language-features {"startup":false,"extensionId":{"value":"vscode.php-language-features","_lower":"vscode.php-language-features"},"activationEvent":"onLanguage:php"}
[2020-02-15 10:16:53.891] [exthost] [info] ExtensionService#loadCommonJSModule file:///c:/portable/vsc/resources/app/extensions/php-language-features/dist/phpMain
[2020-02-15 10:17:03.805] [exthost] [info] ExtensionService#_doActivateExtension ms-vscode.node-debug2 {"startup":false,"extensionId":{"value":"ms-vscode.node-debug","_lower":"ms-vscode.node-debug"},"activationEvent":"onDebugInitialConfigurations"}
[2020-02-15 10:17:03.805] [exthost] [info] ExtensionService#loadCommonJSModule file:///c:/portable/vsc/resources/app/extensions/ms-vscode.node-debug2/out/src/extension
[2020-02-15 10:17:03.816] [exthost] [info] ExtensionService#_doActivateExtension ms-vscode.node-debug {"startup":false,"extensionId":{"value":"ms-vscode.node-debug","_lower":"ms-vscode.node-debug"},"activationEvent":"onDebugInitialConfigurations"}
[2020-02-15 10:17:03.817] [exthost] [info] ExtensionService#loadCommonJSModule file:///c:/portable/vsc/resources/app/extensions/ms-vscode.node-debug/dist/extension.js
[2020-02-15 10:17:05.190] [exthost] [info] ExtensionService#_doActivateExtension vscode.configuration-editing {"startup":false,"extensionId":{"value":"vscode.configuration-editing","_lower":"vscode.configuration-editing"},"activationEvent":"onLanguage:jsonc"}
[2020-02-15 10:17:05.190] [exthost] [info] ExtensionService#loadCommonJSModule file:///c:/portable/vsc/resources/app/extensions/configuration-editing/dist/extension
[2020-02-15 10:17:05.193] [exthost] [info] ExtensionService#_doActivateExtension vscode.json-language-features {"startup":false,"extensionId":{"value":"vscode.json-language-features","_lower":"vscode.json-language-features"},"activationEvent":"onLanguage:jsonc"}
[2020-02-15 10:17:05.193] [exthost] [info] ExtensionService#loadCommonJSModule file:///c:/portable/vsc/resources/app/extensions/json-language-features/client/dist/jsonMain
[2020-02-15 10:17:05.205] [exthost] [info] ExtensionService#_doActivateExtension vscode.typescript-language-features {"startup":false,"extensionId":{"value":"vscode.typescript-language-features","_lower":"vscode.typescript-language-features"},"activationEvent":"onLanguage:jsonc"}
[2020-02-15 10:17:05.206] [exthost] [info] ExtensionService#loadCommonJSModule file:///c:/portable/vsc/resources/app/extensions/typescript-language-features/dist/extension
[2020-02-15 10:17:18.130] [exthost] [info] ExtensionService#_doActivateExtension vscode.debug-server-ready {"startup":false,"extensionId":{"value":"vscode.debug-server-ready","_lower":"vscode.debug-server-ready"},"activationEvent":"onDebugResolve"}
[2020-02-15 10:17:18.130] [exthost] [info] ExtensionService#loadCommonJSModule file:///c:/portable/vsc/resources/app/extensions/debug-server-ready/dist/extension
