Looking for git in: C:\Program Files\Git\cmd\git.exe
Using git 2.24.1.windows.2 from C:\Program Files\Git\cmd\git.exe
> git rev-parse --show-toplevel
> git rev-parse --git-dir
Open repository: c:\portable
> git status -z -u
> git symbolic-ref --short HEAD
> git rev-parse master
> git rev-parse --symbolic-full-name master@{u}
> git rev-list --left-right master...refs/remotes/origin/master
> git for-each-ref --format %(refname) %(objectname) --sort -committerdate
> git remote --verbose
> git config --get commit.template
> git check-ignore -v -z --stdin
> git show :xampp/htdocs/ejemplo_depuracion/index.php
> git ls-files --stage -- C:\portable\xampp\htdocs\ejemplo_depuracion\index.php
> git status -z -u
> git symbolic-ref --short HEAD
> git rev-parse master
> git rev-parse --symbolic-full-name master@{u}
> git rev-list --left-right master...refs/remotes/origin/master
> git for-each-ref --format %(refname) %(objectname) --sort -committerdate
> git remote --verbose
> git config --get commit.template
> git show :xampp/htdocs/ejemplo_depuracion/.vscode/launch.json
> git ls-files --stage -- C:\portable\xampp\htdocs\ejemplo_depuracion\.vscode\launch.json
> git check-ignore -v -z --stdin
> git status -z -u
> git symbolic-ref --short HEAD
> git rev-parse master
> git rev-parse --symbolic-full-name master@{u}
> git rev-list --left-right master...refs/remotes/origin/master
> git for-each-ref --format %(refname) %(objectname) --sort -committerdate
> git remote --verbose
> git config --get commit.template
> git show :xampp/htdocs/ejemplo_depuracion/index.php
> git ls-files --stage -- C:\portable\xampp\htdocs\ejemplo_depuracion\index.php
