::1 - - [15/Feb/2020:10:13:42 +0100] "GET / HTTP/1.1" 200 2060 "-" "Mozilla/5.0 (Windows NT 10.0; Win64; x64; rv:74.0) Gecko/20100101 Firefox/74.0"
::1 - - [15/Feb/2020:10:13:42 +0100] "GET /icons/blank.gif HTTP/1.1" 200 148 "http://localhost/" "Mozilla/5.0 (Windows NT 10.0; Win64; x64; rv:74.0) Gecko/20100101 Firefox/74.0"
::1 - - [15/Feb/2020:10:13:42 +0100] "GET /favicon.ico HTTP/1.1" 200 30894 "-" "Mozilla/5.0 (Windows NT 10.0; Win64; x64; rv:74.0) Gecko/20100101 Firefox/74.0"
::1 - - [15/Feb/2020:10:15:54 +0100] "GET / HTTP/1.1" 200 2282 "-" "Mozilla/5.0 (Windows NT 10.0; Win64; x64; rv:74.0) Gecko/20100101 Firefox/74.0"
::1 - - [15/Feb/2020:10:15:54 +0100] "GET /icons/blank.gif HTTP/1.1" 200 148 "http://localhost/" "Mozilla/5.0 (Windows NT 10.0; Win64; x64; rv:74.0) Gecko/20100101 Firefox/74.0"
::1 - - [15/Feb/2020:10:15:54 +0100] "GET /icons/text.gif HTTP/1.1" 200 229 "http://localhost/" "Mozilla/5.0 (Windows NT 10.0; Win64; x64; rv:74.0) Gecko/20100101 Firefox/74.0"
::1 - - [15/Feb/2020:10:15:54 +0100] "GET /icons/image2.gif HTTP/1.1" 200 309 "http://localhost/" "Mozilla/5.0 (Windows NT 10.0; Win64; x64; rv:74.0) Gecko/20100101 Firefox/74.0"
::1 - - [15/Feb/2020:10:15:54 +0100] "GET /icons/folder.gif HTTP/1.1" 200 225 "http://localhost/" "Mozilla/5.0 (Windows NT 10.0; Win64; x64; rv:74.0) Gecko/20100101 Firefox/74.0"
::1 - - [15/Feb/2020:10:15:57 +0100] "GET /ejemplo_depuracion/ HTTP/1.1" 200 10 "http://localhost/" "Mozilla/5.0 (Windows NT 10.0; Win64; x64; rv:74.0) Gecko/20100101 Firefox/74.0"
::1 - - [15/Feb/2020:10:15:57 +0100] "GET /favicon.ico HTTP/1.1" 200 30894 "-" "Mozilla/5.0 (Windows NT 10.0; Win64; x64; rv:74.0) Gecko/20100101 Firefox/74.0"
::1 - - [15/Feb/2020:10:17:27 +0100] "GET /ejemplo_depuracion/ HTTP/1.1" 200 10 "http://localhost/" "Mozilla/5.0 (Windows NT 10.0; Win64; x64; rv:74.0) Gecko/20100101 Firefox/74.0"
::1 - - [15/Feb/2020:10:17:38 +0100] "GET /ejemplo_depuracion/ HTTP/1.1" 200 10 "http://localhost/" "Mozilla/5.0 (Windows NT 10.0; Win64; x64; rv:74.0) Gecko/20100101 Firefox/74.0"
::1 - - [15/Feb/2020:10:17:38 +0100] "GET /favicon.ico HTTP/1.1" 200 30894 "-" "Mozilla/5.0 (Windows NT 10.0; Win64; x64; rv:74.0) Gecko/20100101 Firefox/74.0"
::1 - - [15/Feb/2020:10:17:47 +0100] "GET / HTTP/1.1" 200 2282 "-" "Mozilla/5.0 (Windows NT 10.0; Win64; x64; rv:74.0) Gecko/20100101 Firefox/74.0"
::1 - - [15/Feb/2020:10:17:49 +0100] "GET /dashboard/stylesheets/normalize.css HTTP/1.1" 200 7252 "http://localhost/dashboard/" "Mozilla/5.0 (Windows NT 10.0; Win64; x64; rv:74.0) Gecko/20100101 Firefox/74.0"
::1 - - [15/Feb/2020:10:17:49 +0100] "GET /dashboard/stylesheets/all.css HTTP/1.1" 200 490845 "http://localhost/dashboard/" "Mozilla/5.0 (Windows NT 10.0; Win64; x64; rv:74.0) Gecko/20100101 Firefox/74.0"
::1 - - [15/Feb/2020:10:17:49 +0100] "GET /dashboard/javascripts/modernizr.js HTTP/1.1" 200 52772 "http://localhost/dashboard/" "Mozilla/5.0 (Windows NT 10.0; Win64; x64; rv:74.0) Gecko/20100101 Firefox/74.0"
::1 - - [15/Feb/2020:10:17:49 +0100] "GET /dashboard/images/bitnami-xampp.png HTTP/1.1" 200 22133 "http://localhost/dashboard/" "Mozilla/5.0 (Windows NT 10.0; Win64; x64; rv:74.0) Gecko/20100101 Firefox/74.0"
::1 - - [15/Feb/2020:10:17:49 +0100] "GET /dashboard/images/fastly-logo.png HTTP/1.1" 200 1770 "http://localhost/dashboard/" "Mozilla/5.0 (Windows NT 10.0; Win64; x64; rv:74.0) Gecko/20100101 Firefox/74.0"
::1 - - [15/Feb/2020:10:17:49 +0100] "GET /dashboard/images/xampp-logo.svg HTTP/1.1" 200 5427 "http://localhost/dashboard/" "Mozilla/5.0 (Windows NT 10.0; Win64; x64; rv:74.0) Gecko/20100101 Firefox/74.0"
::1 - - [15/Feb/2020:10:17:49 +0100] "GET /dashboard/javascripts/all.js HTTP/1.1" 200 193908 "http://localhost/dashboard/" "Mozilla/5.0 (Windows NT 10.0; Win64; x64; rv:74.0) Gecko/20100101 Firefox/74.0"
::1 - - [15/Feb/2020:10:17:50 +0100] "GET /dashboard/images/social-icons.png HTTP/1.1" 200 3361 "http://localhost/dashboard/stylesheets/all.css" "Mozilla/5.0 (Windows NT 10.0; Win64; x64; rv:74.0) Gecko/20100101 Firefox/74.0"
::1 - - [15/Feb/2020:10:17:50 +0100] "GET /dashboard/images/favicon.png HTTP/1.1" 200 2508 "-" "Mozilla/5.0 (Windows NT 10.0; Win64; x64; rv:74.0) Gecko/20100101 Firefox/74.0"
::1 - - [15/Feb/2020:10:17:51 +0100] "GET /dashboard/phpinfo.php HTTP/1.1" 200 95270 "http://localhost/dashboard/" "Mozilla/5.0 (Windows NT 10.0; Win64; x64; rv:74.0) Gecko/20100101 Firefox/74.0"
::1 - - [15/Feb/2020:10:19:10 +0100] "GET /dashboard/phpinfo.php HTTP/1.1" 200 95691 "http://localhost/dashboard/" "Mozilla/5.0 (Windows NT 10.0; Win64; x64; rv:74.0) Gecko/20100101 Firefox/74.0"
::1 - - [15/Feb/2020:10:19:12 +0100] "GET /dashboard/phpinfo.php HTTP/1.1" 200 95900 "http://localhost/dashboard/" "Mozilla/5.0 (Windows NT 10.0; Win64; x64; rv:74.0) Gecko/20100101 Firefox/74.0"
::1 - - [15/Feb/2020:10:19:12 +0100] "GET /favicon.ico HTTP/1.1" 200 30894 "-" "Mozilla/5.0 (Windows NT 10.0; Win64; x64; rv:74.0) Gecko/20100101 Firefox/74.0"
::1 - - [15/Feb/2020:10:19:12 +0100] "GET /dashboard/phpinfo.php HTTP/1.1" 200 95900 "http://localhost/dashboard/" "Mozilla/5.0 (Windows NT 10.0; Win64; x64; rv:74.0) Gecko/20100101 Firefox/74.0"
::1 - - [15/Feb/2020:10:19:12 +0100] "GET /favicon.ico HTTP/1.1" 200 30894 "-" "Mozilla/5.0 (Windows NT 10.0; Win64; x64; rv:74.0) Gecko/20100101 Firefox/74.0"
::1 - - [15/Feb/2020:10:19:12 +0100] "GET /dashboard/phpinfo.php HTTP/1.1" 200 95900 "http://localhost/dashboard/" "Mozilla/5.0 (Windows NT 10.0; Win64; x64; rv:74.0) Gecko/20100101 Firefox/74.0"
::1 - - [15/Feb/2020:10:19:12 +0100] "GET /favicon.ico HTTP/1.1" 200 30894 "-" "Mozilla/5.0 (Windows NT 10.0; Win64; x64; rv:74.0) Gecko/20100101 Firefox/74.0"
::1 - - [15/Feb/2020:10:19:12 +0100] "GET /dashboard/phpinfo.php HTTP/1.1" 200 95900 "http://localhost/dashboard/" "Mozilla/5.0 (Windows NT 10.0; Win64; x64; rv:74.0) Gecko/20100101 Firefox/74.0"
::1 - - [15/Feb/2020:10:19:13 +0100] "GET /favicon.ico HTTP/1.1" 200 30894 "-" "Mozilla/5.0 (Windows NT 10.0; Win64; x64; rv:74.0) Gecko/20100101 Firefox/74.0"
::1 - - [15/Feb/2020:10:19:13 +0100] "GET /dashboard/phpinfo.php HTTP/1.1" 200 95900 "http://localhost/dashboard/" "Mozilla/5.0 (Windows NT 10.0; Win64; x64; rv:74.0) Gecko/20100101 Firefox/74.0"
::1 - - [15/Feb/2020:10:19:13 +0100] "GET /favicon.ico HTTP/1.1" 200 30894 "-" "Mozilla/5.0 (Windows NT 10.0; Win64; x64; rv:74.0) Gecko/20100101 Firefox/74.0"
::1 - - [15/Feb/2020:10:19:13 +0100] "GET /dashboard/phpinfo.php HTTP/1.1" 200 95900 "http://localhost/dashboard/" "Mozilla/5.0 (Windows NT 10.0; Win64; x64; rv:74.0) Gecko/20100101 Firefox/74.0"
::1 - - [15/Feb/2020:10:19:13 +0100] "GET /favicon.ico HTTP/1.1" 200 30894 "-" "Mozilla/5.0 (Windows NT 10.0; Win64; x64; rv:74.0) Gecko/20100101 Firefox/74.0"
::1 - - [15/Feb/2020:10:19:13 +0100] "GET /dashboard/phpinfo.php HTTP/1.1" 200 95900 "http://localhost/dashboard/" "Mozilla/5.0 (Windows NT 10.0; Win64; x64; rv:74.0) Gecko/20100101 Firefox/74.0"
::1 - - [15/Feb/2020:10:19:13 +0100] "GET /favicon.ico HTTP/1.1" 200 30894 "-" "Mozilla/5.0 (Windows NT 10.0; Win64; x64; rv:74.0) Gecko/20100101 Firefox/74.0"
::1 - - [15/Feb/2020:10:19:56 +0100] "GET /dashboard/phpinfo.php HTTP/1.1" 200 95690 "http://localhost/dashboard/" "Mozilla/5.0 (Windows NT 10.0; Win64; x64; rv:74.0) Gecko/20100101 Firefox/74.0"
::1 - - [15/Feb/2020:10:19:57 +0100] "GET /dashboard/phpinfo.php HTTP/1.1" 200 95899 "http://localhost/dashboard/" "Mozilla/5.0 (Windows NT 10.0; Win64; x64; rv:74.0) Gecko/20100101 Firefox/74.0"
::1 - - [15/Feb/2020:10:19:57 +0100] "GET /favicon.ico HTTP/1.1" 200 30894 "-" "Mozilla/5.0 (Windows NT 10.0; Win64; x64; rv:74.0) Gecko/20100101 Firefox/74.0"
::1 - - [15/Feb/2020:10:19:57 +0100] "GET /dashboard/phpinfo.php HTTP/1.1" 200 95899 "http://localhost/dashboard/" "Mozilla/5.0 (Windows NT 10.0; Win64; x64; rv:74.0) Gecko/20100101 Firefox/74.0"
::1 - - [15/Feb/2020:10:19:57 +0100] "GET /favicon.ico HTTP/1.1" 200 30894 "-" "Mozilla/5.0 (Windows NT 10.0; Win64; x64; rv:74.0) Gecko/20100101 Firefox/74.0"
::1 - - [15/Feb/2020:10:19:58 +0100] "GET /dashboard/phpinfo.php HTTP/1.1" 200 95899 "http://localhost/dashboard/" "Mozilla/5.0 (Windows NT 10.0; Win64; x64; rv:74.0) Gecko/20100101 Firefox/74.0"
::1 - - [15/Feb/2020:10:19:58 +0100] "GET /favicon.ico HTTP/1.1" 200 30894 "-" "Mozilla/5.0 (Windows NT 10.0; Win64; x64; rv:74.0) Gecko/20100101 Firefox/74.0"
::1 - - [15/Feb/2020:10:19:58 +0100] "GET /dashboard/phpinfo.php HTTP/1.1" 200 95899 "http://localhost/dashboard/" "Mozilla/5.0 (Windows NT 10.0; Win64; x64; rv:74.0) Gecko/20100101 Firefox/74.0"
::1 - - [15/Feb/2020:10:19:58 +0100] "GET /favicon.ico HTTP/1.1" 200 30894 "-" "Mozilla/5.0 (Windows NT 10.0; Win64; x64; rv:74.0) Gecko/20100101 Firefox/74.0"
::1 - - [15/Feb/2020:10:22:52 +0100] "GET /dashboard/phpinfo.php HTTP/1.1" 200 95900 "http://localhost/dashboard/" "Mozilla/5.0 (Windows NT 10.0; Win64; x64; rv:74.0) Gecko/20100101 Firefox/74.0"
::1 - - [15/Feb/2020:10:22:52 +0100] "GET /favicon.ico HTTP/1.1" 200 30894 "-" "Mozilla/5.0 (Windows NT 10.0; Win64; x64; rv:74.0) Gecko/20100101 Firefox/74.0"
::1 - - [15/Feb/2020:10:23:23 +0100] "GET /dashboard/phpinfo.php HTTP/1.1" 200 102954 "http://localhost/dashboard/" "Mozilla/5.0 (Windows NT 10.0; Win64; x64; rv:74.0) Gecko/20100101 Firefox/74.0"
::1 - - [15/Feb/2020:10:23:27 +0100] "GET /dashboard/phpinfo.php HTTP/1.1" 200 103163 "http://localhost/dashboard/" "Mozilla/5.0 (Windows NT 10.0; Win64; x64; rv:74.0) Gecko/20100101 Firefox/74.0"
::1 - - [15/Feb/2020:10:23:28 +0100] "GET /favicon.ico HTTP/1.1" 200 30894 "-" "Mozilla/5.0 (Windows NT 10.0; Win64; x64; rv:74.0) Gecko/20100101 Firefox/74.0"
::1 - - [15/Feb/2020:10:25:28 +0100] "GET /ejemplo_depuracion/ HTTP/1.1" 200 10 "http://localhost/" "Mozilla/5.0 (Windows NT 10.0; Win64; x64; rv:74.0) Gecko/20100101 Firefox/74.0"
